[2021-09-29 19:47:27] START
[2021-09-30 08:27:13] CREATE admin.py: 0
[2021-09-30 11:37:11] EDIT helpdesk/controllers/admin.py: 1
[2021-09-30 11:37:38] EDIT helpdesk/controllers/admin.py: 0
[2021-09-30 11:38:26] EDIT helpdesk/controllers/admin.py: 0
[2021-09-30 11:39:08] EDIT helpdesk/controllers/admin.py: 0
[2021-09-30 11:41:12] EDIT helpdesk/controllers/admin.py: 0
[2021-09-30 11:42:04] EDIT helpdesk/controllers/admin.py: 0
[2021-09-30 12:10:06] EDIT helpdesk/views/default/index.html: 0
[2021-09-30 12:10:34] EDIT helpdesk/controllers/admin.py: 0
[2021-09-30 12:43:42] EDIT helpdesk/controllers/admin.py: 0
[2021-09-30 12:44:12] EDIT helpdesk/controllers/admin.py: 0
[2021-09-30 14:31:18] EDIT helpdesk/controllers/admin.py: 0
[2021-09-30 14:31:22] EDIT helpdesk/controllers/admin.py: 0
[2021-09-30 14:32:36] EDIT helpdesk/controllers/admin.py: 0
[2021-09-30 14:33:35] EDIT helpdesk/controllers/admin.py: 0
[2021-09-30 14:43:45] EDIT helpdesk/controllers/default.py: 1
[2021-09-30 14:45:32] EDIT helpdesk/controllers/default.py: 1
[2021-09-30 14:46:26] EDIT helpdesk/controllers/default.py: 0
[2021-09-30 14:47:11] EDIT helpdesk/controllers/default.py: 0
[2021-09-30 14:59:53] EDIT helpdesk/controllers/admin.py: 1
[2021-09-30 15:00:11] EDIT helpdesk/controllers/admin.py: 0
[2021-09-30 15:00:52] EDIT helpdesk/controllers/admin.py: 0
[2021-09-30 15:01:10] EDIT helpdesk/controllers/admin.py: 0
[2021-09-30 15:34:11] EDIT helpdesk/controllers/default.py: 1
[2021-09-30 15:35:09] EDIT helpdesk/controllers/default.py: 0
[2021-09-30 15:35:32] EDIT helpdesk/controllers/default.py: 0
[2021-09-30 15:36:18] EDIT helpdesk/controllers/default.py: 0
[2021-09-30 15:40:13] EDIT helpdesk/controllers/admin.py: 0
[2021-09-30 15:51:00] EDIT helpdesk/controllers/admin.py: 0
[2021-09-30 17:04:56] EDIT helpdesk/controllers/admin.py: 0
[2021-09-30 17:05:19] EDIT helpdesk/controllers/admin.py: 0
[2021-09-30 17:05:49] EDIT helpdesk/controllers/admin.py: 0
[2021-09-30 17:07:59] EDIT helpdesk/controllers/admin.py: 0
[2021-09-30 17:08:40] EDIT helpdesk/controllers/admin.py: 0
[2021-09-30 17:09:09] EDIT helpdesk/controllers/admin.py: 0
[2021-09-30 17:10:09] EDIT helpdesk/controllers/admin.py: 0
[2021-09-30 17:11:27] EDIT helpdesk/controllers/admin.py: 0
[2021-09-30 17:12:17] EDIT helpdesk/controllers/admin.py: 0
[2021-09-30 17:12:34] EDIT helpdesk/controllers/admin.py: 0
[2021-09-30 17:13:08] EDIT helpdesk/controllers/admin.py: 0
[2021-09-30 17:13:40] EDIT helpdesk/controllers/admin.py: 0
[2021-09-30 17:18:06] EDIT helpdesk/controllers/default.py: -1
[2021-09-30 17:18:50] EDIT helpdesk/controllers/default.py: 0
[2021-09-30 17:19:30] EDIT helpdesk/controllers/default.py: 1
[2021-09-30 17:20:26] EDIT helpdesk/controllers/default.py: 0
[2021-09-30 17:21:44] EDIT helpdesk/controllers/default.py: 0
[2021-09-30 17:22:02] EDIT helpdesk/controllers/default.py: 0
[2021-09-30 17:34:57] EDIT helpdesk/controllers/admin.py: 6
[2021-09-30 17:55:37] EDIT helpdesk/controllers/admin.py: 0
[2021-09-30 17:57:00] EDIT helpdesk/controllers/admin.py: 2
[2021-09-30 17:58:26] EDIT helpdesk/controllers/admin.py: 0
[2021-09-30 17:58:35] EDIT helpdesk/controllers/admin.py: 0
