timestamp: 2021-09-29T19:47:31.393000
CREATE TABLE "auth_user"(
    "id" INTEGER PRIMARY KEY AUTOINCREMENT,
    "first_name" CHAR(128),
    "last_name" CHAR(128),
    "email" CHAR(512),
    "password" CHAR(512),
    "registration_key" CHAR(512),
    "reset_password_key" CHAR(512),
    "registration_id" CHAR(512)
);
success!
timestamp: 2021-09-29T19:47:31.409000
CREATE TABLE "auth_group"(
    "id" INTEGER PRIMARY KEY AUTOINCREMENT,
    "role" CHAR(512),
    "description" TEXT
);
success!
timestamp: 2021-09-29T19:47:31.420000
CREATE TABLE "auth_membership"(
    "id" INTEGER PRIMARY KEY AUTOINCREMENT,
    "user_id" INTEGER REFERENCES "auth_user" ("id") ON DELETE CASCADE  ,
    "group_id" INTEGER REFERENCES "auth_group" ("id") ON DELETE CASCADE  
);
success!
timestamp: 2021-09-29T19:47:31.431000
CREATE TABLE "auth_permission"(
    "id" INTEGER PRIMARY KEY AUTOINCREMENT,
    "group_id" INTEGER REFERENCES "auth_group" ("id") ON DELETE CASCADE  ,
    "name" CHAR(512),
    "table_name" CHAR(512),
    "record_id" INTEGER
);
success!
timestamp: 2021-09-29T19:47:31.443000
CREATE TABLE "auth_event"(
    "id" INTEGER PRIMARY KEY AUTOINCREMENT,
    "time_stamp" TIMESTAMP,
    "client_ip" CHAR(512),
    "user_id" INTEGER REFERENCES "auth_user" ("id") ON DELETE CASCADE  ,
    "origin" CHAR(512),
    "description" TEXT
);
success!
timestamp: 2021-09-29T19:47:31.458000
CREATE TABLE "auth_cas"(
    "id" INTEGER PRIMARY KEY AUTOINCREMENT,
    "user_id" INTEGER REFERENCES "auth_user" ("id") ON DELETE CASCADE  ,
    "created_on" TIMESTAMP,
    "service" CHAR(512),
    "ticket" CHAR(512),
    "renew" CHAR(1)
);
success!
timestamp: 2021-09-29T19:57:52.669000
ALTER TABLE "auth_user" ADD "telefone" CHAR(512);
timestamp: 2021-09-29T19:57:52.677000
ALTER TABLE "auth_user" ADD "empresa" CHAR(512);
success!
timestamp: 2021-10-01T22:19:36.964000
CREATE TABLE "stateTicket"(
    "id" INTEGER PRIMARY KEY AUTOINCREMENT,
    "name" CHAR(512),
    "description" CHAR(512)
);
success!
timestamp: 2021-10-01T22:27:46.923000
CREATE TABLE "urgencyTicket"(
    "id" INTEGER PRIMARY KEY AUTOINCREMENT,
    "name" CHAR(512),
    "description" CHAR(512),
    "slaTime" TIME
);
success!
success!
success!
success!
timestamp: 2021-10-04T14:07:01.220000
CREATE TABLE "typeTicket"(
    "id" INTEGER PRIMARY KEY AUTOINCREMENT,
    "name" CHAR(512),
    "description" TEXT
);
success!
timestamp: 2021-10-04T14:07:01.237000
CREATE TABLE "areaTicket"(
    "id" INTEGER PRIMARY KEY AUTOINCREMENT,
    "name" CHAR(512),
    "description" TEXT
);
success!
timestamp: 2021-10-04T14:52:45.505000
CREATE TABLE "ticket"(
    "id" INTEGER PRIMARY KEY AUTOINCREMENT,
    "usuario" INTEGER REFERENCES "auth_user" ("id") ON DELETE CASCADE  ,
    "description" TEXT
);
success!
timestamp: 2021-10-04T15:22:14.773000
ALTER TABLE "ticket" ADD "analista" INTEGER REFERENCES "auth_user" ("id") ON DELETE CASCADE  ;
success!
success!
success!
timestamp: 2021-10-04T19:09:41.198000
ALTER TABLE "ticket" ADD "Tipo" INTEGER REFERENCES "typeTicket" ("id") ON DELETE CASCADE  ;
timestamp: 2021-10-04T19:09:41.219000
ALTER TABLE "ticket" ADD "Area" INTEGER REFERENCES "areaTicket" ("id") ON DELETE CASCADE  ;
timestamp: 2021-10-04T19:09:41.226000
ALTER TABLE "ticket" ADD "Urgencia" INTEGER REFERENCES "urgencyTicket" ("id") ON DELETE CASCADE  ;
timestamp: 2021-10-04T19:09:41.241000
ALTER TABLE "ticket" ADD "Estado" INTEGER REFERENCES "stateTicket" ("id") ON DELETE CASCADE  ;
success!
